   Compiling squeeze v0.1.0 (/Users/cchu/project/interested_topics/squeeze)
warning: unused import: `super::Compressor`
 --> src/compressor/lz77.rs:1:5
  |
1 | use super::Compressor;
  |     ^^^^^^^^^^^^^^^^^
  |
  = note: `#[warn(unused_imports)]` on by default

warning: unused import: `std::cell::RefCell`
 --> src/model.rs:1:5
  |
1 | use std::cell::RefCell;
  |     ^^^^^^^^^^^^^^^^^^

warning: unused imports: `Compressor`, `huffman::HuffmanCompressor`
 --> src/model.rs:2:25
  |
2 | use super::compressor::{Compressor, huffman::HuffmanCompressor}; 
  |                         ^^^^^^^^^^  ^^^^^^^^^^^^^^^^^^^^^^^^^^

warning: unused imports: `Duration`, `Instant`
 --> src/model.rs:3:17
  |
3 | use std::time::{Duration, Instant};
  |                 ^^^^^^^^  ^^^^^^^

warning: `squeeze` (lib) generated 4 warnings
warning: `squeeze` (lib test) generated 4 warnings (4 duplicates)
warning: `squeeze` (bin "squeeze") generated 4 warnings (4 duplicates)
warning: `squeeze` (bin "squeeze" test) generated 4 warnings (4 duplicates)
    Finished test [unoptimized + debuginfo] target(s) in 1.97s
     Running unittests (target/debug/deps/squeeze-81c19af4b6430251)

running 2 tests
test tests::it_works ... ok
test compressor::huffman::tests::symbol_frequency_table ... ok

test result: ok. 2 passed; 0 failed; 0 ignored; 0 measured; 0 filtered out; finished in 0.00s

     Running unittests (target/debug/deps/squeeze-233719a588e55e70)

running 1 test
test compressor::huffman::tests::symbol_frequency_table ... ok

test result: ok. 1 passed; 0 failed; 0 ignored; 0 measured; 0 filtered out; finished in 0.00s

     Running tests/compressors_test.rs (target/debug/deps/compressors_test-58ddfadce2c0a117)

running 1 test
test text_compression_test ... ok

test result: ok. 1 passed; 0 failed; 0 ignored; 0 measured; 0 filtered out; finished in 0.56s

   Doc-tests squeeze

running 0 tests

test result: ok. 0 passed; 0 failed; 0 ignored; 0 measured; 0 filtered out; finished in 0.00s

